2022-02-17 21:01:43,277  INFO [main] GrowwWebDemo:40 - Browser Opened
2022-02-17 21:02:47,800  INFO [main] GrowwWebDemo:40 - Browser Opened
2022-02-17 21:06:00,293  INFO [main] GrowwWebDemo:40 - Browser Opened
2022-02-17 21:07:12,073  INFO [main] GrowwWebDemo:40 - Browser Opened
2022-02-18 22:27:07,838  INFO [main] AppWebDemo:44 - Browser Opened
2022-02-18 22:27:12,649  INFO [main] AppWebDemo:44 - Browser Opened
2022-02-18 22:32:33,976  INFO [main] AppWebDemo:44 - Browser Opened
2022-02-18 22:32:51,466  INFO [main] AppWebDemo:44 - Browser Opened
2022-02-19 07:03:38,379  INFO [main] AppWebDemo:44 - Browser Opened
2022-02-19 07:03:43,662  INFO [main] AppWebDemo:44 - Browser Opened
2022-02-19 07:08:40,388  INFO [main] AppWebDemo:44 - Browser Opened
2022-02-19 07:08:48,025  INFO [main] AppWebDemo:44 - Browser Opened
2022-02-19 07:20:14,043  INFO [main] AppWebDemo:45 - Browser Opened
2022-02-19 07:20:19,043  INFO [main] AppWebDemo:45 - Browser Opened
2022-02-19 07:22:57,497  INFO [main] AppWebDemo:45 - Browser Opened
2022-02-19 07:23:02,661  INFO [main] AppWebDemo:45 - Browser Opened
2022-02-19 07:28:55,552  INFO [main] AppWebDemo:45 - Browser Opened
2022-02-19 07:28:59,041  INFO [main] AppWebDemo:45 - Browser Opened
2022-02-19 07:31:03,162  INFO [main] AppWebDemo:45 - Browser Opened
2022-02-19 07:31:07,847  INFO [main] AppWebDemo:45 - Browser Opened
2022-02-19 07:38:39,479  INFO [main] AppWebDemo:45 - Browser Opened
2022-02-19 07:38:40,576  INFO [main] AppWebDemo:68 - username Entered
2022-02-19 07:38:42,938  INFO [main] AppWebDemo:71 - Password Entered
2022-02-19 07:39:17,561  INFO [main] AppWebDemo:45 - Browser Opened
2022-02-19 07:39:18,724  INFO [main] AppWebDemo:68 - username Entered
2022-02-19 07:39:20,990  INFO [main] AppWebDemo:71 - Password Entered
2022-02-19 07:45:41,161  INFO [main] AppWebDemo:45 - Browser Opened
2022-02-19 07:45:42,463  INFO [main] AppWebDemo:68 - username Entered
2022-02-19 07:45:44,900  INFO [main] AppWebDemo:71 - Password Entered
2022-02-19 07:45:55,162  INFO [main] AppWebDemo:74 - Entered
2022-02-19 07:46:23,925  INFO [main] AppWebDemo:45 - Browser Opened
2022-02-19 07:46:25,240  INFO [main] AppWebDemo:68 - username Entered
2022-02-19 07:46:27,267  INFO [main] AppWebDemo:71 - Password Entered
2022-02-19 07:46:37,413  INFO [main] AppWebDemo:74 - Entered
2022-02-19 07:57:18,168  INFO [main] AppWebDemo:45 - Browser Opened
2022-02-19 07:57:19,486  INFO [main] AppWebDemo:68 - username Entered
2022-02-19 07:57:21,682  INFO [main] AppWebDemo:72 - Password Entered
2022-02-19 07:57:33,122  INFO [main] AppWebDemo:75 - Entered
2022-02-19 07:57:58,904  INFO [main] AppWebDemo:45 - Browser Opened
2022-02-19 07:58:00,401  INFO [main] AppWebDemo:68 - username Entered
2022-02-19 07:58:02,517  INFO [main] AppWebDemo:72 - Password Entered
2022-02-19 07:58:24,046  INFO [main] AppWebDemo:75 - Entered
2022-02-19 14:19:48,434  INFO [main] AppWebDemo:45 - Browser Opened
2022-02-19 14:19:49,743  INFO [main] AppWebDemo:68 - username Entered
2022-02-19 14:19:51,852  INFO [main] AppWebDemo:72 - Password Entered
2022-02-19 14:20:03,131  INFO [main] AppWebDemo:75 - Entered
2022-02-19 14:21:24,073  INFO [main] AppWebDemo:45 - Browser Opened
2022-02-19 14:21:25,533  INFO [main] AppWebDemo:68 - username Entered
2022-02-19 14:21:27,643  INFO [main] AppWebDemo:72 - Password Entered
2022-02-19 14:21:55,606  INFO [main] AppWebDemo:75 - Entered
2022-02-19 14:22:27,063  INFO [main] AppWebDemo:45 - Browser Opened
2022-02-19 14:22:31,014  INFO [main] AppWebDemo:68 - username Entered
2022-02-19 14:22:33,562  INFO [main] AppWebDemo:72 - Password Entered
2022-02-19 14:23:26,785  INFO [main] AppWebDemo:75 - Entered
2022-02-19 14:29:43,806  INFO [main] AppWebDemo:45 - Browser Opened
2022-02-19 14:29:45,227  INFO [main] AppWebDemo:68 - username Entered
2022-02-19 14:29:47,418  INFO [main] AppWebDemo:72 - Password Entered
2022-02-19 14:30:12,524  INFO [main] AppWebDemo:75 - Entered
2022-02-19 14:30:15,038  INFO [main] AppWebDemo:26 - clicked Baby Sections
2022-02-19 14:30:40,335  INFO [main] AppWebDemo:45 - Browser Opened
2022-02-19 14:30:41,981  INFO [main] AppWebDemo:68 - username Entered
2022-02-19 14:30:44,208  INFO [main] AppWebDemo:72 - Password Entered
2022-02-19 14:31:09,049  INFO [main] AppWebDemo:75 - Entered
2022-02-19 14:34:17,168  INFO [main] AppWebDemo:45 - Browser Opened
2022-02-19 14:34:18,590  INFO [main] AppWebDemo:68 - username Entered
2022-02-19 14:34:20,733  INFO [main] AppWebDemo:72 - Password Entered
2022-02-19 14:34:45,564  INFO [main] AppWebDemo:75 - Entered
2022-02-19 14:34:48,125  INFO [main] AppWebDemo:26 - clicked Baby Sections
2022-02-19 14:34:49,882  INFO [main] AppWebDemo:86 - Successfully Exited
2022-02-19 14:34:54,458  INFO [main] AppWebDemo:45 - Browser Opened
2022-02-19 14:34:56,048  INFO [main] AppWebDemo:68 - username Entered
2022-02-19 14:34:59,389  INFO [main] AppWebDemo:72 - Password Entered
2022-02-19 14:35:26,689  INFO [main] AppWebDemo:75 - Entered
2022-02-19 14:35:48,787  INFO [main] AppWebDemo:86 - Successfully Exited
2022-02-19 14:39:43,963  INFO [main] AppWebDemo:45 - Browser Opened
2022-02-19 14:39:45,012  INFO [main] AppWebDemo:68 - username Entered
2022-02-19 14:39:47,136  INFO [main] AppWebDemo:72 - Password Entered
2022-02-19 14:40:10,238  INFO [main] AppWebDemo:75 - Entered
2022-02-19 14:40:12,537  INFO [main] AppWebDemo:26 - clicked Baby Sections
2022-02-19 14:40:14,036  INFO [main] AppWebDemo:86 - Successfully Exited
2022-02-19 14:40:24,136  INFO [main] AppWebDemo:45 - Browser Opened
2022-02-19 14:40:25,644  INFO [main] AppWebDemo:68 - username Entered
2022-02-19 14:40:28,070  INFO [main] AppWebDemo:72 - Password Entered
2022-02-19 14:40:52,653  INFO [main] AppWebDemo:75 - Entered
2022-02-19 14:41:14,831  INFO [main] AppWebDemo:86 - Successfully Exited
2022-02-19 14:45:34,326  INFO [main] AppWebDemo:45 - Browser Opened
2022-02-19 14:45:35,453  INFO [main] AppWebDemo:68 - username Entered
2022-02-19 14:45:37,674  INFO [main] AppWebDemo:72 - Password Entered
2022-02-19 14:46:01,635  INFO [main] AppWebDemo:75 - Entered
2022-02-19 14:46:03,820  INFO [main] AppWebDemo:26 - clicked Baby Sections
2022-02-19 14:46:05,593  INFO [main] AppWebDemo:86 - Successfully Exited
2022-02-19 14:46:10,503  INFO [main] AppWebDemo:45 - Browser Opened
2022-02-19 14:46:11,920  INFO [main] AppWebDemo:68 - username Entered
2022-02-19 14:46:14,060  INFO [main] AppWebDemo:72 - Password Entered
2022-02-19 14:46:39,634  INFO [main] AppWebDemo:75 - Entered
2022-02-19 14:46:43,221  INFO [main] AppWebDemo:24 - clicked Baby Sections
2022-02-19 14:46:45,134  INFO [main] AppWebDemo:86 - Successfully Exited
2022-02-19 16:54:23,773  INFO [main] AppWebDemo:45 - Browser Opened
2022-02-19 16:54:25,774  INFO [main] AppWebDemo:68 - username Entered
2022-02-19 16:54:29,541  INFO [main] AppWebDemo:72 - Password Entered
2022-02-19 16:55:03,620  INFO [main] AppWebDemo:75 - Entered
2022-02-19 16:55:09,592  INFO [main] AppWebDemo:26 - clicked Baby Sections
2022-02-19 16:55:12,975  INFO [main] AppWebDemo:86 - Successfully Exited
2022-02-19 16:55:25,248  INFO [main] AppWebDemo:45 - Browser Opened
2022-02-19 16:55:27,344  INFO [main] AppWebDemo:68 - username Entered
2022-02-19 16:55:34,221  INFO [main] AppWebDemo:72 - Password Entered
2022-02-19 16:55:58,821  INFO [main] AppWebDemo:75 - Entered
2022-02-19 16:56:08,390  INFO [main] AppWebDemo:24 - clicked Baby Sections
2022-02-19 16:56:10,984  INFO [main] AppWebDemo:86 - Successfully Exited
2022-02-19 17:23:31,734  INFO [main] AppWebDemo:45 - Browser Opened
2022-02-19 17:23:33,208  INFO [main] AppWebDemo:68 - username Entered
2022-02-19 17:23:35,363  INFO [main] AppWebDemo:72 - Password Entered
2022-02-19 17:24:06,039  INFO [main] AppWebDemo:75 - Entered
2022-02-19 17:24:12,427  INFO [main] AppWebDemo:26 - clicked Baby Sections
2022-02-19 17:24:14,336  INFO [main] AppWebDemo:86 - Successfully Exited
2022-02-19 17:24:19,989  INFO [main] AppWebDemo:45 - Browser Opened
2022-02-19 17:24:27,639  INFO [main] AppWebDemo:68 - username Entered
2022-02-19 17:24:31,602  INFO [main] AppWebDemo:72 - Password Entered
2022-02-19 17:24:57,529  INFO [main] AppWebDemo:75 - Entered
2022-02-19 17:31:36,263  INFO [main] AppWebDemo:45 - Browser Opened
2022-02-19 17:31:39,667  INFO [main] AppWebDemo:68 - username Entered
2022-02-19 17:31:42,164  INFO [main] AppWebDemo:72 - Password Entered
2022-02-19 17:34:38,060  INFO [main] AppWebDemo:45 - Browser Opened
2022-02-19 17:34:41,580  INFO [main] AppWebDemo:68 - username Entered
2022-02-19 17:34:45,638  INFO [main] AppWebDemo:72 - Password Entered
2022-02-19 17:35:07,206  INFO [main] AppWebDemo:75 - Entered
2022-02-19 17:35:45,566  INFO [main] AppWebDemo:45 - Browser Opened
2022-02-19 17:35:47,056  INFO [main] AppWebDemo:68 - username Entered
2022-02-19 17:35:57,648  INFO [main] AppWebDemo:72 - Password Entered
2022-02-19 17:36:33,847  INFO [main] AppWebDemo:75 - Entered
2022-02-19 17:58:03,658  INFO [main] AppWebDemo:45 - Browser Opened
2022-02-19 17:58:10,446  INFO [main] AppWebDemo:68 - username Entered
2022-02-19 17:58:13,230  INFO [main] AppWebDemo:72 - Password Entered
2022-02-19 18:33:13,671  INFO [main] AppWebDemo:45 - Browser Opened
2022-02-19 18:33:16,976  INFO [main] AppWebDemo:68 - username Entered
2022-02-19 18:33:19,340  INFO [main] AppWebDemo:72 - Password Entered
2022-02-19 18:34:12,628  INFO [main] AppWebDemo:75 - Entered
2022-02-19 18:34:17,082  INFO [main] AppWebDemo:25 - clicked Amazon Pay Sections
2022-02-19 18:34:51,049  INFO [main] AppWebDemo:45 - Browser Opened
2022-02-19 18:34:52,861  INFO [main] AppWebDemo:68 - username Entered
2022-02-19 18:34:55,071  INFO [main] AppWebDemo:72 - Password Entered
2022-02-19 18:35:23,503  INFO [main] AppWebDemo:75 - Entered
2022-02-19 18:35:27,516  INFO [main] AppWebDemo:24 - clicked fresh Sections
2022-02-19 18:35:31,454  INFO [main] AppWebDemo:86 - Successfully Exited
2022-02-19 18:36:57,754  INFO [main] AppWebDemo:45 - Browser Opened
2022-02-19 18:37:01,483  INFO [main] AppWebDemo:68 - username Entered
2022-02-19 18:37:03,863  INFO [main] AppWebDemo:72 - Password Entered
2022-02-19 18:38:08,752  INFO [main] AppWebDemo:45 - Browser Opened
2022-02-19 18:38:09,732  INFO [main] AppWebDemo:68 - username Entered
2022-02-19 18:38:11,637  INFO [main] AppWebDemo:72 - Password Entered
2022-02-19 18:38:34,117  INFO [main] AppWebDemo:75 - Entered
2022-02-19 18:38:35,725  INFO [main] AppWebDemo:24 - clicked Amazon Pay Sections
2022-02-19 18:38:37,215  INFO [main] AppWebDemo:86 - Successfully Exited
2022-02-19 18:38:43,336  INFO [main] AppWebDemo:45 - Browser Opened
2022-02-19 18:38:44,252  INFO [main] AppWebDemo:68 - username Entered
2022-02-19 18:38:46,203  INFO [main] AppWebDemo:72 - Password Entered
2022-02-19 18:39:17,614  INFO [main] AppWebDemo:75 - Entered
2022-02-19 18:39:31,474  INFO [main] AppWebDemo:24 - clicked fresh Sections
2022-02-19 18:39:33,905  INFO [main] AppWebDemo:86 - Successfully Exited
2022-02-20 08:38:05,697  INFO [TestNG-test=chromeTest-2] AppWebDemo:45 - Browser Opened
2022-02-20 08:38:07,175  INFO [TestNG-test=chromeTest-2] AppWebDemo:68 - username Entered
2022-02-20 08:38:07,404  INFO [TestNG-test=chromeTest-1] AppWebDemo:45 - Browser Opened
2022-02-20 08:38:08,741  INFO [TestNG-test=chromeTest-1] AppWebDemo:68 - username Entered
2022-02-20 08:38:09,813  INFO [TestNG-test=chromeTest-2] AppWebDemo:72 - Password Entered
2022-02-20 08:38:11,544  INFO [TestNG-test=chromeTest-1] AppWebDemo:72 - Password Entered
2022-02-20 08:38:34,424  INFO [TestNG-test=chromeTest-2] AppWebDemo:75 - Entered
2022-02-20 08:38:37,899  INFO [TestNG-test=chromeTest-2] AppWebDemo:25 - clicked fresh Sections
2022-02-20 08:38:40,020  INFO [TestNG-test=chromeTest-2] AppWebDemo:86 - Successfully Exited
2022-02-20 08:38:58,482  INFO [TestNG-test=firefoxTest-2] AppWebDemo:56 - Browser Opened
2022-02-20 08:39:00,323  INFO [TestNG-test=firefoxTest-2] AppWebDemo:68 - username Entered
2022-02-20 08:39:09,414  INFO [TestNG-test=firefoxTest-2] AppWebDemo:72 - Password Entered
2022-02-20 08:39:11,472  INFO [TestNG-test=firefoxTest-1] AppWebDemo:56 - Browser Opened
2022-02-20 08:39:12,679  INFO [TestNG-test=firefoxTest-1] AppWebDemo:68 - username Entered
2022-02-20 08:39:16,866  INFO [TestNG-test=firefoxTest-1] AppWebDemo:72 - Password Entered
2022-02-20 08:39:37,115  INFO [TestNG-test=firefoxTest-2] AppWebDemo:75 - Entered
2022-02-20 08:39:44,857  INFO [TestNG-test=firefoxTest-2] AppWebDemo:25 - clicked fresh Sections
2022-02-20 09:00:52,215  INFO [TestNG-test=chromeTest-1] AppWebDemo:45 - Browser Opened
2022-02-20 09:00:52,496  INFO [TestNG-test=chromeTest-2] AppWebDemo:45 - Browser Opened
2022-02-20 09:00:54,655  INFO [TestNG-test=chromeTest-2] AppWebDemo:68 - username Entered
2022-02-20 09:00:54,856  INFO [TestNG-test=chromeTest-1] AppWebDemo:68 - username Entered
2022-02-20 09:00:57,850  INFO [TestNG-test=chromeTest-1] AppWebDemo:72 - Password Entered
2022-02-20 09:00:57,851  INFO [TestNG-test=chromeTest-2] AppWebDemo:72 - Password Entered
2022-02-20 09:01:20,024  INFO [TestNG-test=chromeTest-1] AppWebDemo:75 - Entered
2022-02-20 09:01:57,871  INFO [TestNG-test=chromeTest-1] AppWebDemo:45 - Browser Opened
2022-02-20 09:01:59,200  INFO [TestNG-test=chromeTest-1] AppWebDemo:68 - username Entered
2022-02-20 09:02:00,695  INFO [TestNG-test=chromeTest-2] AppWebDemo:45 - Browser Opened
2022-02-20 09:02:01,333  INFO [TestNG-test=chromeTest-1] AppWebDemo:72 - Password Entered
2022-02-20 09:02:01,876  INFO [TestNG-test=chromeTest-2] AppWebDemo:68 - username Entered
2022-02-20 09:02:04,056  INFO [TestNG-test=chromeTest-2] AppWebDemo:72 - Password Entered
2022-02-20 09:02:26,040  INFO [TestNG-test=chromeTest-1] AppWebDemo:75 - Entered
2022-02-20 09:02:28,480  INFO [TestNG-test=chromeTest-1] AppWebDemo:24 - clicked Amazon Pay Sections
2022-02-20 09:02:30,263  INFO [TestNG-test=chromeTest-1] AppWebDemo:86 - Successfully Exited
2022-02-20 09:04:13,266  INFO [TestNG-test=chromeTest(failed)-1] AppWebDemo:45 - Browser Opened
2022-02-20 09:04:14,517  INFO [TestNG-test=chromeTest(failed)-1] AppWebDemo:68 - username Entered
2022-02-20 09:04:17,481  INFO [TestNG-test=chromeTest(failed)-1] AppWebDemo:72 - Password Entered
2022-02-20 09:04:38,928  INFO [TestNG-test=chromeTest(failed)-1] AppWebDemo:75 - Entered
2022-02-20 09:05:06,629  INFO [TestNG-test=chromeTest(failed)(failed)-1] AppWebDemo:45 - Browser Opened
2022-02-20 09:05:08,374  INFO [TestNG-test=chromeTest(failed)(failed)-1] AppWebDemo:68 - username Entered
2022-02-20 09:05:10,594  INFO [TestNG-test=chromeTest(failed)(failed)-1] AppWebDemo:72 - Password Entered
2022-02-20 09:05:33,959  INFO [TestNG-test=chromeTest(failed)(failed)-1] AppWebDemo:75 - Entered
2022-02-20 09:05:36,389  INFO [TestNG-test=chromeTest(failed)(failed)-1] AppWebDemo:25 - clicked fresh Sections
2022-02-20 09:05:38,451  INFO [TestNG-test=chromeTest(failed)(failed)-1] AppWebDemo:86 - Successfully Exited
2022-02-20 09:18:39,773  INFO [TestNG-test=chromeTest-1] AppWebDemo:45 - Browser Opened
2022-02-20 09:18:39,888  INFO [TestNG-test=chromeTest-2] AppWebDemo:45 - Browser Opened
2022-02-20 09:18:40,819  INFO [TestNG-test=chromeTest-1] AppWebDemo:68 - username Entered
2022-02-20 09:18:40,819  INFO [TestNG-test=chromeTest-2] AppWebDemo:68 - username Entered
2022-02-20 09:18:42,676  INFO [TestNG-test=chromeTest-2] AppWebDemo:72 - Password Entered
2022-02-20 09:18:42,934  INFO [TestNG-test=chromeTest-1] AppWebDemo:72 - Password Entered
2022-02-20 09:19:06,499  INFO [TestNG-test=chromeTest-2] AppWebDemo:75 - Entered
2022-02-20 09:19:09,199  INFO [TestNG-test=chromeTest-2] AppWebDemo:25 - clicked fresh Sections
2022-02-20 09:19:11,334  INFO [TestNG-test=chromeTest-2] AppWebDemo:86 - Successfully Exited
2022-02-20 09:22:09,953  INFO [TestNG-test=chromeTest-1] AppWebDemo:46 - Browser Opened
2022-02-20 09:22:11,347  INFO [TestNG-test=chromeTest-1] AppWebDemo:69 - username Entered
2022-02-20 09:22:13,073  INFO [TestNG-test=chromeTest-2] AppWebDemo:46 - Browser Opened
2022-02-20 09:22:13,862  INFO [TestNG-test=chromeTest-1] AppWebDemo:73 - Password Entered
2022-02-20 09:22:14,716  INFO [TestNG-test=chromeTest-2] AppWebDemo:69 - username Entered
2022-02-20 09:22:17,004  INFO [TestNG-test=chromeTest-2] AppWebDemo:73 - Password Entered
2022-02-20 09:22:37,013  INFO [TestNG-test=chromeTest-1] AppWebDemo:76 - Entered
2022-02-20 09:22:40,029  INFO [TestNG-test=chromeTest-1] AppWebDemo:25 - clicked Amazon Pay Sections
2022-02-20 09:22:41,873  INFO [TestNG-test=chromeTest-1] AppWebDemo:87 - Successfully Exited
2022-02-20 09:24:39,877  INFO [main] AppWebDemo:46 - Browser Opened
2022-02-20 09:24:40,955  INFO [main] AppWebDemo:69 - username Entered
2022-02-20 09:24:42,986  INFO [main] AppWebDemo:73 - Password Entered
2022-02-20 09:25:06,562  INFO [main] AppWebDemo:76 - Entered
2022-02-20 09:25:09,319  INFO [main] AppWebDemo:25 - clicked Amazon Pay Sections
2022-02-20 09:25:11,261  INFO [main] AppWebDemo:87 - Successfully Exited
2022-02-20 09:25:15,277  INFO [main] AppWebDemo:46 - Browser Opened
2022-02-20 09:25:16,691  INFO [main] AppWebDemo:69 - username Entered
2022-02-20 09:25:18,831  INFO [main] AppWebDemo:73 - Password Entered
2022-02-20 09:25:42,651  INFO [main] AppWebDemo:76 - Entered
2022-02-20 09:25:45,521  INFO [main] AppWebDemo:26 - clicked fresh Sections
2022-02-20 09:25:50,178  INFO [main] AppWebDemo:87 - Successfully Exited
2022-02-20 21:25:35,565  INFO [main] AppWebDemo:46 - Browser Opened
2022-02-20 21:25:36,542  INFO [main] AppWebDemo:69 - username Entered
2022-02-20 21:25:38,466  INFO [main] AppWebDemo:73 - Password Entered
2022-02-20 21:26:01,126  INFO [main] AppWebDemo:76 - Entered
2022-02-20 21:26:03,142  INFO [main] AppWebDemo:27 - clicked Amazon Pay Sections
2022-02-20 21:26:04,783  INFO [main] AppWebDemo:87 - Successfully Exited
2022-02-20 21:26:07,626  INFO [main] AppWebDemo:46 - Browser Opened
2022-02-20 21:26:08,563  INFO [main] AppWebDemo:69 - username Entered
2022-02-20 21:26:10,604  INFO [main] AppWebDemo:73 - Password Entered
2022-02-20 21:26:33,102  INFO [main] AppWebDemo:76 - Entered
2022-02-20 21:26:34,882  INFO [main] AppWebDemo:30 - clicked fresh Sections
2022-02-20 21:26:36,532  INFO [main] AppWebDemo:87 - Successfully Exited
2022-02-20 21:34:01,031  INFO [main] AppWebDemo:46 - Browser Opened
2022-02-20 21:34:02,121  INFO [main] AppWebDemo:69 - username Entered
2022-02-20 21:34:03,978  INFO [main] AppWebDemo:73 - Password Entered
2022-02-20 21:34:31,517  INFO [main] AppWebDemo:76 - Entered
2022-02-20 21:34:33,417  INFO [main] AppWebDemo:27 - clicked Amazon Pay Sections
2022-02-20 21:34:35,028  INFO [main] AppWebDemo:87 - Successfully Exited
2022-02-20 21:34:45,842  INFO [main] AppWebDemo:46 - Browser Opened
2022-02-20 21:34:47,005  INFO [main] AppWebDemo:69 - username Entered
2022-02-20 21:34:49,079  INFO [main] AppWebDemo:73 - Password Entered
2022-02-20 21:35:10,414  INFO [main] AppWebDemo:76 - Entered
2022-02-20 21:52:18,847  INFO [main] AppWebDemo:46 - Browser Opened
2022-02-20 21:52:19,794  INFO [main] AppWebDemo:69 - username Entered
2022-02-20 21:52:45,570  INFO [main] AppWebDemo:46 - Browser Opened
2022-02-20 21:52:48,038  INFO [main] AppWebDemo:69 - username Entered
2022-02-20 22:02:38,762  INFO [main] AppWebDemo:46 - Browser Opened
2022-02-20 22:02:39,811  INFO [main] AppWebDemo:69 - username Entered
2022-02-20 22:02:43,818  INFO [main] AppWebDemo:73 - Password Entered
2022-02-20 22:03:07,278  INFO [main] AppWebDemo:76 - Entered
2022-02-20 22:03:10,589  INFO [main] AppWebDemo:27 - clicked Amazon Pay Sections
2022-02-20 22:06:39,737  INFO [main] AppWebDemo:46 - Browser Opened
2022-02-20 22:06:41,077  INFO [main] AppWebDemo:69 - username Entered
2022-02-20 22:06:43,274  INFO [main] AppWebDemo:73 - Password Entered
2022-02-20 22:07:08,140  INFO [main] AppWebDemo:76 - Entered
2022-02-20 22:07:11,087  INFO [main] AppWebDemo:27 - clicked Amazon Pay Sections
2022-02-20 22:07:13,800  INFO [main] AppWebDemo:87 - Successfully Exited
2022-02-20 22:07:20,092  INFO [main] AppWebDemo:46 - Browser Opened
2022-02-20 22:07:21,422  INFO [main] AppWebDemo:69 - username Entered
2022-02-20 22:07:23,751  INFO [main] AppWebDemo:73 - Password Entered
2022-02-20 22:07:47,623  INFO [main] AppWebDemo:76 - Entered
2022-02-20 22:07:50,466  INFO [main] AppWebDemo:31 - clicked fresh Sections
2022-02-20 22:07:52,598  INFO [main] AppWebDemo:87 - Successfully Exited
